[V] Updating repository: [.\AdvancedDupe1]
[V] Updating repository: [.\AdvancedDupe2]
[V] Updating repository: [.\ControlSystemsE2]
[V] Updating repository: [.\E2PistonTiming]
[V] Updating repository: [.\EnvironmentOrganizer]
[V] Updating repository: [.\fin-os]
[V] Updating repository: [.\GearAssemblyTool_GIT]
[V] Updating repository: [.\HoverModule]
[V] Updating repository: [.\JediForceTool]
[V] Updating repository: [.\LaserSTool]
[V] Updating repository: [.\LegacyTools]
[V] Updating repository: [.\MagneticDipole]
[V] Updating repository: [.\Media-Player-Extended-Props]
[V] Updating repository: [.\PhysPropertiesAdv]
[V] Updating repository: [.\PropCannonTool_GIT]
[V] Updating repository: [.\SpinnerTool]
[V] Updating repository: [.\StarfallEx]
[V] Updating repository: [.\SurfaceFrictionTool]
[V] Updating repository: [.\TrackAssemblyTool_GIT]
[V] Updating repository: [.\Wiremod_GIT]
